<?xml version="1.0" encoding="UTF-8"?>
<!-- Generated by org.testng.reporters.JUnitReportReporter -->
<testsuite hostname="MinhHung" failures="0" tests="1" name="testcase.API_CreateApplication" time="1.684" errors="0" timestamp="2023-02-21T09:10:12 ICT" skipped="0">
  <testcase classname="testcase.API_CreateApplication" name="Response" time="1.684"/>
  <system-out/>
</testsuite> <!-- testcase.API_CreateApplication -->
