<?xml version="1.0" encoding="UTF-8"?>
<!-- Generated by org.testng.reporters.JUnitReportReporter -->
<testsuite hostname="MinhHung" failures="0" tests="1" name="testcase.API_Login" time="1.635" errors="0" timestamp="2023-02-21T09:08:13 ICT" skipped="0">
  <testcase classname="testcase.API_Login" name="checkLoginResponse" time="1.635"/>
  <system-out/>
</testsuite> <!-- testcase.API_Login -->
