<?xml version="1.0" encoding="UTF-8"?>
<!-- Generated by org.testng.reporters.JUnitReportReporter -->
<testsuite hostname="MinhHung" failures="0" tests="1" name="testcase.API_UserInformation" time="0.896" errors="0" timestamp="2023-02-21T09:11:48 ICT" skipped="0">
  <testcase classname="testcase.API_UserInformation" name="Response" time="0.896"/>
  <system-out/>
</testsuite> <!-- testcase.API_UserInformation -->
