<?xml version="1.0" encoding="UTF-8"?>
<!-- Generated by org.testng.reporters.JUnitReportReporter -->
<testsuite hostname="MinhHung" failures="0" tests="1" name="com.api.automation.testcase.API_Login" time="2.381" errors="0" timestamp="2023-03-02T23:44:43 ICT" skipped="0">
  <testcase classname="com.api.automation.testcase.API_Login" name="checkLoginResponse" time="2.381"/>
  <system-out/>
</testsuite> <!-- com.api.automation.testcase.API_Login -->
