<?xml version="1.0" encoding="UTF-8"?>
<!-- Generated by org.testng.reporters.JUnitReportReporter -->
<testsuite hostname="MinhHung" failures="0" tests="1" name="com.api.automation.testcase.API_CreateApplication" time="0.110" errors="0" timestamp="2023-03-02T23:44:43 ICT" skipped="0">
  <testcase classname="com.api.automation.testcase.API_CreateApplication" name="Response" time="0.110"/>
  <system-out/>
</testsuite> <!-- com.api.automation.testcase.API_CreateApplication -->
