<?xml version="1.0" encoding="UTF-8"?>
<!-- Generated by org.testng.reporters.JUnitReportReporter -->
<testsuite hostname="MinhHung" failures="0" tests="1" name="testcase.API_CreateWork" time="1.568" errors="0" timestamp="2023-02-21T09:09:15 ICT" skipped="0">
  <testcase classname="testcase.API_CreateWork" name="CreateWorkResponse" time="1.568"/>
  <system-out/>
</testsuite> <!-- testcase.API_CreateWork -->
